# JRE version: OpenJDK Runtime Environment Temurin-17.0.3+7 (17.0.3+7) (build 17.0.3+7)
# Java VM: OpenJDK 64-Bit Server VM Temurin-17.0.3+7 (17.0.3+7, mixed mode, emulated-client, tiered, compressed oops, compressed class ptrs, g1 gc, windows-amd64)
GC Precious Log:
 CPUs: 8 total, 8 available
 Memory: 8080M
 Large Page Support: Disabled
 NUMA Support: Disabled
 Compressed Oops: Enabled (32-bit)
 Heap Region Size: 1M
 Heap Min Capacity: 8M
 Heap Initial Capacity: 128M
 Heap Max Capacity: 2022M
 Pre-touch: Disabled
 Parallel Workers: 8
 Concurrent Workers: 2
 Concurrent Refinement Workers: 8
 Periodic GC: Disabled
Heap:
 garbage-first heap   total 78848K, used 22733K [0x0000000081a00000, 0x0000000100000000)
  region size 1024K, 1 young (1024K), 0 survivors (0K)
 Metaspace       used 39299K, committed 39680K, reserved 1089536K
  class space    used 4934K, committed 5120K, reserved 1048576K
GC Heap History (20 events):
Event: 636.117 GC heap after
{Heap after GC invocations=73 (full 49):
 garbage-first heap   total 78848K, used 22627K [0x0000000081a00000, 0x0000000100000000)
  region size 1024K, 0 young (0K), 0 survivors (0K)
 Metaspace       used 39299K, committed 39680K, reserved 1089536K
  class space    used 4934K, committed 5120K, reserved 1048576K
}
Event: 646.268 GC heap before
{Heap before GC invocations=73 (full 49):
 garbage-first heap   total 78848K, used 22627K [0x0000000081a00000, 0x0000000100000000)
  region size 1024K, 1 young (1024K), 0 survivors (0K)
 Metaspace       used 39299K, committed 39680K, reserved 1089536K
  class space    used 4934K, committed 5120K, reserved 1048576K
}
Event: 646.293 GC heap after
{Heap after GC invocations=74 (full 50):
 garbage-first heap   total 78848K, used 22627K [0x0000000081a00000, 0x0000000100000000)
  region size 1024K, 0 young (0K), 0 survivors (0K)
 Metaspace       used 39299K, committed 39680K, reserved 1089536K
  class space    used 4934K, committed 5120K, reserved 1048576K
}
Event: 656.456 GC heap before
{Heap before GC invocations=74 (full 50):
 garbage-first heap   total 78848K, used 22627K [0x0000000081a00000, 0x0000000100000000)
  region size 1024K, 1 young (1024K), 0 survivors (0K)
 Metaspace       used 39299K, committed 39680K, reserved 1089536K
  class space    used 4934K, committed 5120K, reserved 1048576K
}
Event: 656.485 GC heap after
{Heap after GC invocations=75 (full 51):
 garbage-first heap   total 78848K, used 22627K [0x0000000081a00000, 0x0000000100000000)
  region size 1024K, 0 young (0K), 0 survivors (0K)
 Metaspace       used 39299K, committed 39680K, reserved 1089536K
  class space    used 4934K, committed 5120K, reserved 1048576K
}
Event: 666.637 GC heap before
{Heap before GC invocations=75 (full 51):
 garbage-first heap   total 78848K, used 22627K [0x0000000081a00000, 0x0000000100000000)
  region size 1024K, 1 young (1024K), 0 survivors (0K)
 Metaspace       used 39299K, committed 39680K, reserved 1089536K
  class space    used 4934K, committed 5120K, reserved 1048576K
}
Event: 666.666 GC heap after
{Heap after GC invocations=76 (full 52):
 garbage-first heap   total 78848K, used 22627K [0x0000000081a00000, 0x0000000100000000)
  region size 1024K, 0 young (0K), 0 survivors (0K)
 Metaspace       used 39299K, committed 39680K, reserved 1089536K
  class space    used 4934K, committed 5120K, reserved 1048576K
}
Event: 676.823 GC heap before
{Heap before GC invocations=76 (full 52):
 garbage-first heap   total 78848K, used 22627K [0x0000000081a00000, 0x0000000100000000)
  region size 1024K, 1 young (1024K), 0 survivors (0K)
 Metaspace       used 39299K, committed 39680K, reserved 1089536K
  class space    used 4934K, committed 5120K, reserved 1048576K
}
Event: 676.848 GC heap after
{Heap after GC invocations=77 (full 53):
 garbage-first heap   total 78848K, used 22627K [0x0000000081a00000, 0x0000000100000000)
  region size 1024K, 0 young (0K), 0 survivors (0K)
 Metaspace       used 39299K, committed 39680K, reserved 1089536K
  class space    used 4934K, committed 5120K, reserved 1048576K
}
Event: 687.005 GC heap before
{Heap before GC invocations=77 (full 53):
 garbage-first heap   total 78848K, used 22627K [0x0000000081a00000, 0x0000000100000000)
  region size 1024K, 1 young (1024K), 0 survivors (0K)
 Metaspace       used 39299K, committed 39680K, reserved 1089536K
  class space    used 4934K, committed 5120K, reserved 1048576K
}
Event: 687.031 GC heap after
{Heap after GC invocations=78 (full 54):
 garbage-first heap   total 78848K, used 22627K [0x0000000081a00000, 0x0000000100000000)
  region size 1024K, 0 young (0K), 0 survivors (0K)
 Metaspace       used 39299K, committed 39680K, reserved 1089536K
  class space    used 4934K, committed 5120K, reserved 1048576K
}
Event: 697.187 GC heap before
{Heap before GC invocations=78 (full 54):
 garbage-first heap   total 78848K, used 22627K [0x0000000081a00000, 0x0000000100000000)
  region size 1024K, 1 young (1024K), 0 survivors (0K)
 Metaspace       used 39299K, committed 39680K, reserved 1089536K
  class space    used 4934K, committed 5120K, reserved 1048576K
}
Event: 697.213 GC heap after
{Heap after GC invocations=79 (full 55):
 garbage-first heap   total 78848K, used 22627K [0x0000000081a00000, 0x0000000100000000)
  region size 1024K, 0 young (0K), 0 survivors (0K)
 Metaspace       used 39299K, committed 39680K, reserved 1089536K
  class space    used 4934K, committed 5120K, reserved 1048576K
}
Event: 707.363 GC heap before
{Heap before GC invocations=79 (full 55):
 garbage-first heap   total 78848K, used 22627K [0x0000000081a00000, 0x0000000100000000)
  region size 1024K, 1 young (1024K), 0 survivors (0K)
 Metaspace       used 39299K, committed 39680K, reserved 1089536K
  class space    used 4934K, committed 5120K, reserved 1048576K
}
Event: 707.389 GC heap after
{Heap after GC invocations=80 (full 56):
 garbage-first heap   total 78848K, used 22627K [0x0000000081a00000, 0x0000000100000000)
  region size 1024K, 0 young (0K), 0 survivors (0K)
 Metaspace       used 39299K, committed 39680K, reserved 1089536K
  class space    used 4934K, committed 5120K, reserved 1048576K
}
Event: 717.542 GC heap before
{Heap before GC invocations=80 (full 56):
 garbage-first heap   total 78848K, used 22627K [0x0000000081a00000, 0x0000000100000000)
  region size 1024K, 1 young (1024K), 0 survivors (0K)
 Metaspace       used 39299K, committed 39680K, reserved 1089536K
  class space    used 4934K, committed 5120K, reserved 1048576K
}
Event: 717.567 GC heap after
{Heap after GC invocations=81 (full 57):
 garbage-first heap   total 78848K, used 22627K [0x0000000081a00000, 0x0000000100000000)
  region size 1024K, 0 young (0K), 0 survivors (0K)
 Metaspace       used 39299K, committed 39680K, reserved 1089536K
  class space    used 4934K, committed 5120K, reserved 1048576K
}
Event: 727.725 GC heap before
{Heap before GC invocations=81 (full 57):
 garbage-first heap   total 78848K, used 22627K [0x0000000081a00000, 0x0000000100000000)
  region size 1024K, 1 young (1024K), 0 survivors (0K)
 Metaspace       used 39299K, committed 39680K, reserved 1089536K
  class space    used 4934K, committed 5120K, reserved 1048576K
}
Event: 727.750 GC heap after
{Heap after GC invocations=82 (full 58):
 garbage-first heap   total 78848K, used 22627K [0x0000000081a00000, 0x0000000100000000)
  region size 1024K, 0 young (0K), 0 survivors (0K)
 Metaspace       used 39299K, committed 39680K, reserved 1089536K
  class space    used 4934K, committed 5120K, reserved 1048576K
}
Event: 5223.607 GC heap before
{Heap before GC invocations=82 (full 58):
 garbage-first heap   total 78848K, used 22627K [0x0000000081a00000, 0x0000000100000000)
  region size 1024K, 1 young (1024K), 0 survivors (0K)
 Metaspace       used 39299K, committed 39680K, reserved 1089536K
  class space    used 4934K, committed 5120K, reserved 1048576K
}

